Arguments: 
  C:\Program Files\nodejs\node.exe C:\Users\MA IT\AppData\Roaming\npm\node_modules\yarn\bin\yarn.js install

PATH: 
  C:\Python310\Scripts\;C:\Python310\;C:\WINDOWS\system32;C:\WINDOWS;C:\WINDOWS\System32\Wbem;C:\WINDOWS\System32\WindowsPowerShell\v1.0\;C:\WINDOWS\System32\OpenSSH\;C:\ProgramData\Microsoft\Windows\Start Menu\Programs\Node.js;C:\ProgramData\chocolatey\bin;C:\Program Files\dotnet\;C:\Program Files (x86)\dotnet\;C:\Program Files\nodejs\;C:\Users\MA IT\AppData\Local\Microsoft\WindowsApps;;C:\Users\MA IT\AppData\Local\Programs\Microsoft VS Code\bin;C:\Users\MA IT\AppData\Roaming\npm

Yarn version: 
  1.22.19

Node version: 
  19.4.0

Platform: 
  win32 x64

Trace: 
  Error: EPERM: operation not permitted, rmdir 'F:\Learn React\Projects\my-app1\node_modules\.bin'

npm manifest: 
  {
    "name": "my-app1",
    "version": "0.1.0",
    "private": true,
    "dependencies": {
      "@testing-library/jest-dom": "^5.16.5",
      "@testing-library/react": "^13.4.0",
      "@testing-library/user-event": "^13.5.0",
      "bootstrap": "^5.2.3",
      "date-fns": "^2.29.3",
      "react": "^18.2.0",
      "react-bootstrap": "^2.7.0",
      "react-dom": "^18.2.0",
      "react-scripts": "5.0.1",
      "web-vitals": "^2.1.4"
    },
    "scripts": {
      "start": "react-scripts start",
      "build": "react-scripts build",
      "test": "react-scripts test",
      "eject": "react-scripts eject"
    },
    "eslintConfig": {
      "extends": [
        "react-app",
        "react-app/jest"
      ]
    },
    "browserslist": {
      "production": [
        ">0.2%",
        "not dead",
        "not op_mini all"
      ],
      "development": [
        "last 1 chrome version",
        "last 1 firefox version",
        "last 1 safari version"
      ]
    }
  }

yarn manifest: 
  No manifest

Lockfile: 
  No lockfile
